<?xml version="1.0" encoding="UTF-8"?>
<!-- Generated by org.testng.reporters.JUnitReportReporter -->
<testsuite hostname="DESKTOP-E06HOR8" failures="0" tests="5" name="testcasses.logindvt" time="48.507" errors="0" timestamp="2025-02-03T21:26:06 IST" skipped="0">
  <testcase classname="testcasses.logindvt" name="verify_login" time="2.997"/>
  <system-out/>
  <testcase classname="testcasses.logindvt" name="verify_login" time="11.477"/>
  <system-out/>
  <testcase classname="testcasses.logindvt" name="verify_login" time="11.243"/>
  <system-out/>
  <testcase classname="testcasses.logindvt" name="verify_login" time="11.378"/>
  <system-out/>
  <testcase classname="testcasses.logindvt" name="verify_login" time="11.412"/>
  <system-out/>
</testsuite> <!-- testcasses.logindvt -->
