<?xml version="1.0" encoding="UTF-8"?>
<!-- Generated by org.testng.reporters.JUnitReportReporter -->
<testsuite hostname="DESKTOP-E06HOR8" failures="0" tests="1" name="testcasses.accountregestire" time="4.266" errors="0" timestamp="2025-02-04T21:50:40 IST" skipped="0">
  <testcase classname="testcasses.accountregestire" name="accregestire" time="4.266"/>
  <system-out/>
</testsuite> <!-- testcasses.accountregestire -->
