<?xml version="1.0" encoding="UTF-8"?>
<!-- Generated by org.testng.reporters.JUnitReportReporter -->
<testsuite hostname="DESKTOP-E06HOR8" failures="0" tests="1" name="testcasses.accountregestire" time="3.202" errors="0" timestamp="2025-02-04T22:50:45 IST" skipped="0">
  <testcase classname="testcasses.accountregestire" name="accregestire" time="3.202"/>
</testsuite> <!-- testcasses.accountregestire -->
