<?xml version="1.0" encoding="UTF-8"?>
<!-- Generated by org.testng.reporters.JUnitReportReporter -->
<testsuite hostname="DESKTOP-E06HOR8" failures="0" tests="1" name="testcasses.logintomyaccount" time="2.312" errors="0" timestamp="2025-02-05T13:27:17 IST" skipped="0">
  <testcase classname="testcasses.logintomyaccount" name="logintomyaccout" time="2.312"/>
</testsuite> <!-- testcasses.logintomyaccount -->
